<?xml version="1.0" encoding="UTF-8"?>
<!-- Generated by org.testng.reporters.JUnitReportReporter -->
<testsuite skipped="0" hostname="DESKTOP-CRHCDT9" name="com.ObjectRepository.TestSeleniumInChrome" tests="1" failures="0" timestamp="27 Nov 2017 05:23:31 GMT" time="88.279" errors="0">
  <testcase name="TestChrome" time="88.279" classname="com.ObjectRepository.TestSeleniumInChrome"/>
</testsuite> <!-- com.ObjectRepository.TestSeleniumInChrome -->
