<?xml version="1.0" encoding="UTF-8"?>
<!-- Generated by org.testng.reporters.JUnitReportReporter -->
<testsuite skipped="0" hostname="DESKTOP-CRHCDT9" name="com.DataBase.ConnectMySQL" tests="1" failures="0" timestamp="27 Nov 2017 12:30:52 GMT" time="0.208" errors="0">
  <testcase name="TestDB" time="0.208" classname="com.DataBase.ConnectMySQL"/>
</testsuite> <!-- com.DataBase.ConnectMySQL -->
